#
# A fatal error has been detected by the Java Runtime Environment:
#
#  EXCEPTION_ACCESS_VIOLATION (0xc0000005) at pc=0x000000005fc08ad5, pid=5148, tid=13788
#
# JRE version: Java(TM) SE Runtime Environment (8.0_71-b15) (build 1.8.0_71-b15)
# Java VM: Java HotSpot(TM) 64-Bit Server VM (25.71-b15 mixed mode windows-amd64 compressed oops)
# Problematic frame:
# V  [jvm.dll+0x128ad5]
#
# Failed to write core dump. Minidumps are not enabled by default on client versions of Windows
#
# If you would like to submit a bug report, please visit:
#   http://bugreport.java.com/bugreport/crash.jsp
#

---------------  T H R E A D  ---------------

Current thread (0x00000000098cb800):  JavaThread "JDWP Transport Listener: dt_socket" daemon [_thread_in_vm, id=13788, stack(0x000000000c3c0000,0x000000000c4c0000)]

siginfo: ExceptionCode=0xc0000005, reading address 0xffffffffffffffff

Registers:
RAX=0x000000000c4bf401, RBX=0x00000000098cb800, RCX=0x003b00003b747369, RDX=0x0000000000000000
RSP=0x000000000c4bf4a0, RBP=0x003b00003b747369, RSI=0x000000000c4bf5b8, RDI=0x00000000021b95a0
R8 =0x00000000098cb800, R9 =0x00007236007a001f, R10=0x0000000000000000, R11=0x00000000099b985a
R12=0x0000000000000000, R13=0x00000000098d5bf8, R14=0x0000000000000000, R15=0x0000000000000000
RIP=0x000000005fc08ad5, EFLAGS=0x0000000000010206

Top of Stack: (sp=0x000000000c4bf4a0)
0x000000000c4bf4a0:   00000000098cb800 00000000098cb800
0x000000000c4bf4b0:   000000000c4bf568 000000005fe0e34b
0x000000000c4bf4c0:   00000000098cb800 000000005fe2abad
0x000000000c4bf4d0:   0000000000000000 0000000064849155
0x000000000c4bf4e0:   00000000099aa450 000000006485291e
0x000000000c4bf4f0:   00000000098cb800 0000000000000000
0x000000000c4bf500:   0000000000000000 0000000000000000
0x000000000c4bf510:   003b00003b747369 0000000064851a15
0x000000000c4bf520:   000000000c4bf5b8 000000000c4bf590
0x000000000c4bf530:   0000000000000001 00000000099aa450
0x000000000c4bf540:   003b00003b747369 00000000648353b3
0x000000000c4bf550:   000000000c4bf680 0000000000000001
0x000000000c4bf560:   0000000000000001 00000000099aa450
0x000000000c4bf570:   0000000000000009 0000000000000000
0x000000000c4bf580:   0000000000000000 0000000000000000
0x000000000c4bf590:   0000000000000001 0000000064835571 

Instructions: (pc=0x000000005fc08ad5)
0x000000005fc08ab5:   cc cc cc cc cc cc cc cc cc cc cc 48 83 ec 28 48
0x000000005fc08ac5:   85 c9 75 07 33 c0 48 83 c4 28 c3 48 89 5c 24 20
0x000000005fc08ad5:   48 8b 19 48 85 db 74 20 48 83 fb 37 74 1a 48 8b
0x000000005fc08ae5:   13 48 8b cb ff 52 10 84 c0 74 0d 48 8b c3 48 8b 


Register to memory mapping:

RAX=0x000000000c4bf401 is pointing into the stack for thread: 0x00000000098cb800
RBX=0x00000000098cb800 is a thread
RCX=0x003b00003b747369 is an unknown value
RDX=0x0000000000000000 is an unknown value
RSP=0x000000000c4bf4a0 is pointing into the stack for thread: 0x00000000098cb800
RBP=0x003b00003b747369 is an unknown value
RSI=0x000000000c4bf5b8 is pointing into the stack for thread: 0x00000000098cb800
RDI=0x00000000021b95a0 is an unknown value
R8 =0x00000000098cb800 is a thread
R9 =0x00007236007a001f is an unknown value
R10=0x0000000000000000 is an unknown value
R11=0x00000000099b985a is an unknown value
R12=0x0000000000000000 is an unknown value
R13=0x00000000098d5bf8 is an unknown value
R14=0x0000000000000000 is an unknown value
R15=0x0000000000000000 is an unknown value


Stack: [0x000000000c3c0000,0x000000000c4c0000],  sp=0x000000000c4bf4a0,  free space=1021k
Native frames: (J=compiled Java code, j=interpreted, Vv=VM code, C=native code)
V  [jvm.dll+0x128ad5]
V  [jvm.dll+0x34abad]
C  [jdwp.dll+0x21a15]
C  [jdwp.dll+0x53b3]
C  [jdwp.dll+0x5571]
C  [jdwp.dll+0xf0a8]
C  [jdwp.dll+0x1f2d5]
C  [jdwp.dll+0x1f4aa]
V  [jvm.dll+0x1bbb58]
V  [jvm.dll+0x243234]
V  [jvm.dll+0x29a10a]
C  [msvcr100.dll+0x21d9f]
C  [msvcr100.dll+0x21e3b]
C  [kernel32.dll+0x159ed]
C  [ntdll.dll+0x2c541]


---------------  P R O C E S S  ---------------

Java Threads: ( => current thread )
  0x0000000009993000 JavaThread "Service Thread" daemon [_thread_blocked, id=13760, stack(0x000000000cd70000,0x000000000ce70000)]
  0x00000000098f0800 JavaThread "C1 CompilerThread3" daemon [_thread_blocked, id=8988, stack(0x000000000cbf0000,0x000000000ccf0000)]
  0x00000000098ef800 JavaThread "C2 CompilerThread2" daemon [_thread_blocked, id=12524, stack(0x000000000c110000,0x000000000c210000)]
  0x00000000098ec000 JavaThread "C2 CompilerThread1" daemon [_thread_blocked, id=11948, stack(0x000000000c9a0000,0x000000000caa0000)]
  0x00000000098f6800 JavaThread "C2 CompilerThread0" daemon [_thread_blocked, id=14800, stack(0x000000000c7f0000,0x000000000c8f0000)]
  0x00000000098dd000 JavaThread "JDWP Command Reader" daemon [_thread_in_native, id=11388, stack(0x000000000c5f0000,0x000000000c6f0000)]
  0x00000000098da000 JavaThread "JDWP Event Helper Thread" daemon [_thread_blocked, id=13880, stack(0x000000000c4e0000,0x000000000c5e0000)]
=>0x00000000098cb800 JavaThread "JDWP Transport Listener: dt_socket" daemon [_thread_in_vm, id=13788, stack(0x000000000c3c0000,0x000000000c4c0000)]
  0x00000000098c1800 JavaThread "Attach Listener" daemon [_thread_blocked, id=14040, stack(0x000000000af50000,0x000000000b050000)]
  0x00000000098c0800 JavaThread "Signal Dispatcher" daemon [_thread_blocked, id=9472, stack(0x000000000a9b0000,0x000000000aab0000)]
  0x000000000880e800 JavaThread "Finalizer" daemon [_thread_blocked, id=5184, stack(0x000000000acb0000,0x000000000adb0000)]
  0x0000000008806800 JavaThread "Reference Handler" daemon [_thread_blocked, id=14516, stack(0x000000000aad0000,0x000000000abd0000)]
  0x0000000002228800 JavaThread "main" [_thread_blocked, id=9164, stack(0x0000000002390000,0x0000000002490000)]

Other Threads:
  0x0000000008801000 VMThread [stack: 0x000000000a850000,0x000000000a950000] [id=12104]
  0x00000000099ac000 WatcherThread [stack: 0x000000000cec0000,0x000000000cfc0000] [id=13464]

VM state:not at safepoint (normal execution)

VM Mutex/Monitor currently owned by a thread: None

Heap:
 PSYoungGen      total 37888K, used 2621K [0x00000000d6000000, 0x00000000d8a00000, 0x0000000100000000)
  eden space 32768K, 8% used [0x00000000d6000000,0x00000000d628f6b0,0x00000000d8000000)
  from space 5120K, 0% used [0x00000000d8500000,0x00000000d8500000,0x00000000d8a00000)
  to   space 5120K, 0% used [0x00000000d8000000,0x00000000d8000000,0x00000000d8500000)
 ParOldGen       total 86016K, used 0K [0x0000000082000000, 0x0000000087400000, 0x00000000d6000000)
  object space 86016K, 0% used [0x0000000082000000,0x0000000082000000,0x0000000087400000)
 Metaspace       used 2953K, capacity 4920K, committed 5120K, reserved 1056768K
  class space    used 299K, capacity 424K, committed 512K, reserved 1048576K

Card table byte_map: [0x0000000002850000,0x0000000002c50000] byte_map_base: 0x0000000002440000

Marking Bits: (ParMarkBitMap*) 0x00000000602ef600
 Begin Bits: [0x0000000003b30000, 0x0000000005ab0000)
 End Bits:   [0x0000000005ab0000, 0x0000000007a30000)

Polling page: 0x0000000000230000

CodeCache: size=245760Kb used=1099Kb max_used=1108Kb free=244660Kb
 bounds [0x000000000f010000, 0x000000000f280000, 0x000000001e010000]
 total_blobs=250 nmethods=27 adapters=145
 compilation: enabled

Compilation events (10 events):
Event: 0.260 Thread 0x00000000098f0800   22       3       java.lang.String::indexOf (7 bytes)
Event: 0.260 Thread 0x00000000098f0800 nmethod 22 0x000000000f120c90 code [0x000000000f120e00, 0x000000000f121028]
Event: 0.260 Thread 0x00000000098f0800   24  s    3       java.lang.StringBuffer::append (13 bytes)
Event: 0.261 Thread 0x00000000098f0800 nmethod 24 0x000000000f1210d0 code [0x000000000f121260, 0x000000000f121748]
Event: 0.262 Thread 0x00000000098f0800   25       3       java.lang.AbstractStringBuilder::append (50 bytes)
Event: 0.262 Thread 0x00000000098ef800   26       4       java.lang.String::charAt (29 bytes)
Event: 0.262 Thread 0x00000000098f0800 nmethod 25 0x000000000f121990 code [0x000000000f121b20, 0x000000000f122028]
Event: 0.264 Thread 0x00000000098ef800 nmethod 26 0x000000000f124f10 code [0x000000000f125060, 0x000000000f125138]
Event: 0.274 Thread 0x00000000098f0800   27       3       java.lang.System::getSecurityManager (4 bytes)
Event: 0.275 Thread 0x00000000098f0800 nmethod 27 0x000000000f124410 code [0x000000000f124560, 0x000000000f124690]

GC Heap History (0 events):
No events

Deoptimization events (0 events):
No events

Internal exceptions (2 events):
Event: 0.066 Thread 0x0000000002228800 Exception <a 'java/lang/NoSuchMethodError': Method sun.misc.Unsafe.defineClass(Ljava/lang/String;[BII)Ljava/lang/Class; name or signature does not match> (0x00000000d6012db0) thrown at [C:\re\workspace\8-2-build-windows-amd64-cygwin\jdk8u71\5731\hotspot\srü?™½Ö
Event: 0.066 Thread 0x0000000002228800 Exception <a 'java/lang/NoSuchMethodError': Method sun.misc.Unsafe.prefetchRead(Ljava/lang/Object;J)V name or signature does not match> (0x00000000d6013098) thrown at [C:\re\workspace\8-2-build-windows-amd64-cygwin\jdk8u71\5731\hotspot\src\share\vm\prims\j

Events (10 events):
Event: 1081.459 Executing VM operation: RedefineClasses
Event: 1081.460 Executing VM operation: RedefineClasses done
Event: 1081.468 Executing VM operation: ChangeBreakpoints
Event: 1081.468 Executing VM operation: ChangeBreakpoints done
Event: 1081.468 Executing VM operation: ChangeBreakpoints
Event: 1081.468 Executing VM operation: ChangeBreakpoints done
Event: 1150.279 Executing VM operation: RedefineClasses
Event: 1150.280 Executing VM operation: RedefineClasses done
Event: 1188.896 Executing VM operation: RedefineClasses
Event: 1188.897 Executing VM operation: RedefineClasses done


Dynamic libraries:
0x000000013f650000 - 0x000000013f687000 	C:\Program Files\Java\jre1.8.0_71\bin\javaw.exe
0x0000000076d90000 - 0x0000000076f39000 	C:\Windows\SYSTEM32\ntdll.dll
0x0000000076c70000 - 0x0000000076d8f000 	C:\Windows\system32\kernel32.dll
0x000007fefce80000 - 0x000007fefceec000 	C:\Windows\system32\KERNELBASE.dll
0x000007fefdd10000 - 0x000007fefddeb000 	C:\Windows\system32\ADVAPI32.dll
0x000007fefd7e0000 - 0x000007fefd87f000 	C:\Windows\system32\msvcrt.dll
0x000007fefdc70000 - 0x000007fefdc8f000 	C:\Windows\SYSTEM32\sechost.dll
0x000007fefec70000 - 0x000007fefed9d000 	C:\Windows\system32\RPCRT4.dll
0x0000000076b70000 - 0x0000000076c6a000 	C:\Windows\system32\USER32.dll
0x000007fefde00000 - 0x000007fefde67000 	C:\Windows\system32\GDI32.dll
0x000007fefec60000 - 0x000007fefec6e000 	C:\Windows\system32\LPK.dll
0x000007fefefd0000 - 0x000007feff09a000 	C:\Windows\system32\USP10.dll
0x000007fefb4e0000 - 0x000007fefb6d4000 	C:\Windows\WinSxS\amd64_microsoft.windows.common-controls_6595b64144ccf1df_6.0.7601.18837_none_fa3b1e3d17594757\COMCTL32.dll
0x000007fefd880000 - 0x000007fefd8f1000 	C:\Windows\system32\SHLWAPI.dll
0x000007fefdc90000 - 0x000007fefdcbe000 	C:\Windows\system32\IMM32.DLL
0x000007fefdb60000 - 0x000007fefdc69000 	C:\Windows\system32\MSCTF.dll
0x000007fefca60000 - 0x000007fefca91000 	C:\Windows\system32\nvinitx.dll
0x000007fefca50000 - 0x000007fefca5c000 	C:\Windows\system32\VERSION.dll
0x000000000f000000 - 0x000000000f006000 	C:\Program Files\NVIDIA Corporation\CoProcManager\detoured.dll
0x000007fef4eb0000 - 0x000007fef4ee2000 	C:\Program Files\NVIDIA Corporation\CoProcManager\nvd3d9wrapx.dll
0x000007fefd980000 - 0x000007fefdb57000 	C:\Windows\system32\SETUPAPI.dll
0x000007fefcda0000 - 0x000007fefcdd6000 	C:\Windows\system32\CFGMGR32.dll
0x000007fefcef0000 - 0x000007fefcfc7000 	C:\Windows\system32\OLEAUT32.dll
0x000007fefeda0000 - 0x000007fefefa3000 	C:\Windows\system32\ole32.dll
0x000007fefcb50000 - 0x000007fefcb6a000 	C:\Windows\system32\DEVOBJ.dll
0x000007fef4e80000 - 0x000007fef4ea2000 	C:\Program Files\NVIDIA Corporation\CoProcManager\nvdxgiwrapx.dll
0x000000005f940000 - 0x000000005fa12000 	C:\Program Files\Java\jre1.8.0_71\bin\msvcr100.dll
0x000000005fae0000 - 0x000000006036f000 	C:\Program Files\Java\jre1.8.0_71\bin\server\jvm.dll
0x000007fef8e30000 - 0x000007fef8e39000 	C:\Windows\system32\WSOCK32.dll
0x000007fefdcc0000 - 0x000007fefdd0d000 	C:\Windows\system32\WS2_32.dll
0x000007fefddf0000 - 0x000007fefddf8000 	C:\Windows\system32\NSI.dll
0x000007fef7aa0000 - 0x000007fef7adb000 	C:\Windows\system32\WINMM.dll
0x0000000076f50000 - 0x0000000076f57000 	C:\Windows\system32\PSAPI.DLL
0x000000006d610000 - 0x000000006d61f000 	C:\Program Files\Java\jre1.8.0_71\bin\verify.dll
0x000000006c7b0000 - 0x000000006c7d9000 	C:\Program Files\Java\jre1.8.0_71\bin\java.dll
0x0000000064830000 - 0x0000000064865000 	C:\Program Files\Java\jre1.8.0_71\bin\jdwp.dll
0x000000006efe0000 - 0x000000006efe8000 	C:\Program Files\Java\jre1.8.0_71\bin\npt.dll
0x000000006efc0000 - 0x000000006efd6000 	C:\Program Files\Java\jre1.8.0_71\bin\zip.dll
0x000007fefded0000 - 0x000007fefec58000 	C:\Windows\system32\SHELL32.dll
0x000007fefcb40000 - 0x000007fefcb4f000 	C:\Windows\system32\profapi.dll
0x000000006d900000 - 0x000000006d909000 	C:\Program Files\Java\jre1.8.0_71\bin\dt_socket.dll
0x000007fefab60000 - 0x000007fefab75000 	C:\Windows\system32\NLAapi.dll
0x000007fef6270000 - 0x000007fef6285000 	C:\Windows\system32\napinsp.dll
0x000007fef6250000 - 0x000007fef6269000 	C:\Windows\system32\pnrpnsp.dll
0x000007fefc270000 - 0x000007fefc2c5000 	C:\Windows\System32\mswsock.dll
0x000007fefc0c0000 - 0x000007fefc11b000 	C:\Windows\system32\DNSAPI.dll
0x000007fef6240000 - 0x000007fef624b000 	C:\Windows\System32\winrnr.dll
0x000007fef6150000 - 0x000007fef6160000 	C:\Windows\system32\wshbth.dll
0x000007fefbc50000 - 0x000007fefbc77000 	C:\Windows\system32\IPHLPAPI.DLL
0x000007fefbeb0000 - 0x000007fefbebb000 	C:\Windows\system32\WINNSI.DLL
0x000007fef9b50000 - 0x000007fef9ba3000 	C:\Windows\System32\fwpuclnt.dll
0x000007fef7a90000 - 0x000007fef7a98000 	C:\Windows\system32\rasadhlp.dll
0x0000000180000000 - 0x000000018006d000 	C:\Windows\system32\LavasoftTcpService64.dll
0x000007fefc8b0000 - 0x000007fefc8d5000 	C:\Windows\system32\SspiCli.dll
0x000007fefbc30000 - 0x000007fefbc37000 	C:\Windows\System32\wshtcpip.dll
0x000007fefc8e0000 - 0x000007fefc8ef000 	C:\Windows\system32\CRYPTBASE.dll
0x000007fefb050000 - 0x000007fefb0a6000 	C:\Windows\system32\uxtheme.dll
0x0000000070e30000 - 0x0000000070e36000 	C:\Program Files\ESET\ESET Smart Security\eplgHooks.dll
0x000007fefa900000 - 0x000007fefaa25000 	C:\Windows\system32\dbghelp.dll

VM Arguments:
jvm_args: -agentlib:jdwp=transport=dt_socket,suspend=y,address=localhost:61845 -Dfile.encoding=Cp1250 
java_command: KWDProjekt.KNN
java_class_path (initial): C:\Users\Crejzer\workspace\Knnsearch\bin
Launcher Type: SUN_STANDARD

Environment Variables:
PATH=C:/Program Files/Java/jre1.8.0_71/bin/server;C:/Program Files/Java/jre1.8.0_71/bin;C:/Program Files/Java/jre1.8.0_71/lib/amd64;C:\app\krystian\product\12.1.0\dbhome_1\bin;C:\ProgramData\Oracle\Java\javapath;C:\Program Files (x86)\Intel\iCLS Client\;C:\Program Files\Intel\iCLS Client\;C:\Windows\system32;C:\Windows;C:\Windows\System32\Wbem;C:\Windows\System32\WindowsPowerShell\v1.0\;C:\Program Files\Intel\Intel(R) Management Engine Components\DAL;C:\Program Files (x86)\Intel\Intel(R) Management Engine Components\DAL;C:\Program Files\Intel\Intel(R) Management Engine Components\IPT;C:\Program Files (x86)\Intel\Intel(R) Management Engine Components\IPT;C:\Python27\;C:\Kivy;C:\Program Files (x86)\QuickTime\QTSystem\;C:\Program Files (x86)\Common Files\lenovo\easyplussdk\bin;C:\Program Files (x86)\Skype\Phone\;C:\Program Files (x86)\NVIDIA Corporation\PhysX\Common;C:\Program Files\MATLAB\MATLAB Production Server\R2015a\runtime\win64;C:\Program Files\MATLAB\MATLAB Production Server\R2015a\bin;C:\Program Files\MATLAB\MATLAB Production Server\R2015a\polyspace\bin;C:\Program Files (x86)\Windows Kits\10\Windows Performance Toolkit\;C:\Program Files\Git\cmd;C:\altera\13.0sp1\modelsim_ase\win32aloem;C:\Users\Crejzer\Desktop\eclipse;
USERNAME=Crejzer
OS=Windows_NT
PROCESSOR_IDENTIFIER=Intel64 Family 6 Model 58 Stepping 9, GenuineIntel



---------------  S Y S T E M  ---------------

OS: Windows 7 , 64 bit Build 7601 (6.1.7601.18409)

CPU:total 8 (4 cores per cpu, 2 threads per core) family 6 model 58 stepping 9, cmov, cx8, fxsr, mmx, sse, sse2, sse3, ssse3, sse4.1, sse4.2, popcnt, avx, aes, clmul, erms, ht, tsc, tscinvbit, tscinv

Memory: 4k page, physical 8251160k(2175884k free), swap 16500456k(5008736k free)

vm_info: Java HotSpot(TM) 64-Bit Server VM (25.71-b15) for windows-amd64 JRE (1.8.0_71-b15), built on Dec 22 2015 18:15:55 by "java_re" with MS VC++ 10.0 (VS2010)

time: Fri Feb 12 20:53:25 2016
elapsed time: 1188 seconds (0d 0h 19m 48s)

